<?xml version="1.0" encoding="UTF-8" ?>
<testsuites>
  <testsuite errors="0" failures="0" hostname="falblawi" id="0" name="JWSCTransTests" package="com.blagha" tests="1" time="1.301" timestamp="2012-09-20T10:52:29">
      <properties />

      <testcase classname="com.blagha.JWSCTransTests" name="testTransSave" time="1.3" />

      <system-out><![CDATA[--Output from testTransSave--
]]></system-out>

      <system-err><![CDATA[--Output from testTransSave--
]]></system-err>

  </testsuite>
</testsuites>
