<?xml version="1.0" encoding="UTF-8" ?>
<testsuites>
  <testsuite errors="0" failures="0" hostname="falblawi" id="0" name="JWSCLocTests" package="com.blagha" tests="1" time="0.79" timestamp="2012-09-19T14:09:25">
      <properties />

      <testcase classname="com.blagha.JWSCLocTests" name="testLocSave" time="0.596" />

      <system-out><![CDATA[--Output from testLocSave--
]]></system-out>

      <system-err><![CDATA[--Output from testLocSave--
]]></system-err>

  </testsuite>
  <testsuite errors="0" failures="0" hostname="falblawi" id="1" name="JWSCMfgTests" package="com.blagha" tests="1" time="3.765" timestamp="2012-09-19T14:09:21">
      <properties />

      <testcase classname="com.blagha.JWSCMfgTests" name="testMfgSave" time="3.569" />

      <system-out><![CDATA[--Output from testMfgSave--
]]></system-out>

      <system-err><![CDATA[--Output from testMfgSave--
]]></system-err>

  </testsuite>
  <testsuite errors="0" failures="0" hostname="falblawi" id="2" name="JWSCMntnTests" package="com.blagha" tests="1" time="0.315" timestamp="2012-09-19T14:09:26">
      <properties />

      <testcase classname="com.blagha.JWSCMntnTests" name="testSomething" time="0.312" />

      <system-out><![CDATA[--Output from testSomething--
]]></system-out>

      <system-err><![CDATA[--Output from testSomething--
]]></system-err>

  </testsuite>
</testsuites>
